<?xml version="1.0" encoding="UTF-8"?>
<testng-results ignored="0" total="2" passed="2" failed="0" skipped="0">
  <reporter-output>
  </reporter-output>
  <suite started-at="2026-01-12T23:14:42 IST" name="Default suite" finished-at="2026-01-12T23:14:47 IST" duration-ms="4838">
    <groups>
    </groups>
    <test started-at="2026-01-12T23:14:42 IST" name="Default test" finished-at="2026-01-12T23:14:47 IST" duration-ms="4838">
      <class name="testng.Paytm">
        <test-method is-config="true" signature="setUp()[pri:0, instance:testng.Paytm@36d585c]" started-at="2026-01-12T23:14:42 IST" name="setUp" finished-at="2026-01-12T23:14:45 IST" duration-ms="2879" status="PASS">
          <reporter-output>
          </reporter-output>
        </test-method> <!-- setUp -->
        <test-method signature="header()[pri:1, instance:testng.Paytm@36d585c]" started-at="2026-01-12T23:14:45 IST" name="header" finished-at="2026-01-12T23:14:45 IST" duration-ms="51" status="PASS">
          <reporter-output>
          </reporter-output>
        </test-method> <!-- header -->
        <test-method signature="rechargeOption()[pri:2, instance:testng.Paytm@36d585c]" started-at="2026-01-12T23:14:45 IST" name="rechargeOption" finished-at="2026-01-12T23:14:47 IST" duration-ms="1733" status="PASS">
          <reporter-output>
          </reporter-output>
        </test-method> <!-- rechargeOption -->
        <test-method is-config="true" signature="tearDown()[pri:0, instance:testng.Paytm@36d585c]" started-at="2026-01-12T23:14:47 IST" name="tearDown" finished-at="2026-01-12T23:14:47 IST" duration-ms="128" status="PASS">
          <reporter-output>
          </reporter-output>
        </test-method> <!-- tearDown -->
      </class> <!-- testng.Paytm -->
    </test> <!-- Default test -->
  </suite> <!-- Default suite -->
</testng-results>
