<?xml version="1.0" encoding="UTF-8"?>
<testng-results ignored="0" total="1" passed="1" failed="0" skipped="0">
  <reporter-output>
  </reporter-output>
  <suite started-at="2026-01-13T06:45:06 IST" name="Default suite" finished-at="2026-01-13T06:45:16 IST" duration-ms="10047">
    <groups>
    </groups>
    <test started-at="2026-01-13T06:45:06 IST" name="Default test" finished-at="2026-01-13T06:45:16 IST" duration-ms="10047">
      <class name="testng.Paytm">
        <test-method is-config="true" signature="setUp()[pri:0, instance:testng.Paytm@671a5887]" started-at="2026-01-13T06:45:06 IST" name="setUp" finished-at="2026-01-13T06:45:14 IST" duration-ms="8597" status="PASS">
          <reporter-output>
          </reporter-output>
        </test-method> <!-- setUp -->
        <test-method signature="verifyHomepage()[pri:4, instance:testng.Paytm@671a5887]" started-at="2026-01-13T06:45:14 IST" name="verifyHomepage" finished-at="2026-01-13T06:45:16 IST" duration-ms="1111" status="PASS">
          <reporter-output>
          </reporter-output>
        </test-method> <!-- verifyHomepage -->
        <test-method is-config="true" signature="tearDown()[pri:0, instance:testng.Paytm@671a5887]" started-at="2026-01-13T06:45:16 IST" name="tearDown" finished-at="2026-01-13T06:45:16 IST" duration-ms="264" status="PASS">
          <reporter-output>
          </reporter-output>
        </test-method> <!-- tearDown -->
      </class> <!-- testng.Paytm -->
    </test> <!-- Default test -->
  </suite> <!-- Default suite -->
</testng-results>
