<?xml version="1.0" encoding="UTF-8"?>
<!-- Generated by org.testng.reporters.JUnitReportReporter -->
<testsuite hostname="LAPTOP-477EEVIP" failures="0" tests="3" name="testng.Abhibus" time="1.732" errors="0" timestamp="2026-01-12T22:06:45 IST" skipped="1">
  <testcase classname="testng.Abhibus" name="findFooterlinks" time="0.760"/>
  <testcase classname="testng.Abhibus" name="findWorkingLinks" time="0.972"/>
  <testcase classname="testng.Abhibus" name="findLinks">
    <skipped/>
  </testcase> <!-- findLinks -->
</testsuite> <!-- testng.Abhibus -->
